09:29:24.328 [main] INFO  - [TestNG] Running:
  E:\JavawithAutomation\opencartPracticeTestNGHybridDay5HAddExternalReports\crossbrowsertests.xml

09:29:26.920 [TestNG-tests-2] INFO  - Using msedgedriver 134.0.3124.68 (resolved driver for Edge 134)
09:29:26.919 [TestNG-tests-1] INFO  - Using chromedriver 134.0.6998.88 (resolved driver for Chrome 134)
09:29:27.010 [TestNG-tests-1] INFO  - Exporting webdriver.chrome.driver as C:\Users\tztej\.cache\selenium\chromedriver\win64\134.0.6998.88\chromedriver.exe
09:29:27.023 [TestNG-tests-2] INFO  - Exporting webdriver.edge.driver as C:\Users\tztej\.cache\selenium\msedgedriver\win64\134.0.3124.68\msedgedriver.exe
09:29:49.289 [TestNG-tests-1] INFO  - Opened URL: https://tutorialsninja.com/demo/
09:29:49.342 [TestNG-tests-1] INFO  - Starting TC_001_AccountRegistrationTest
09:29:50.700 [TestNG-tests-1] INFO  - Clicked on My Account
09:29:50.857 [TestNG-tests-2] INFO  - Opened URL: https://tutorialsninja.com/demo/
09:29:50.894 [TestNG-tests-2] INFO  - Starting TC_001_AccountRegistrationTest
09:29:52.869 [TestNG-tests-1] INFO  - Clicked on Register
09:29:53.371 [TestNG-tests-1] INFO  - Provided First Name
09:29:53.570 [TestNG-tests-1] INFO  - Provided Last Name
09:29:53.787 [TestNG-tests-1] INFO  - Provided Email
09:29:54.078 [TestNG-tests-1] INFO  - Provided Telephone
09:29:54.446 [TestNG-tests-2] INFO  - Clicked on My Account
09:29:54.567 [TestNG-tests-1] INFO  - Provided and Confirmed Password
09:29:54.802 [TestNG-tests-1] INFO  - Accepted Privacy Policy
09:29:55.284 [TestNG-tests-2] INFO  - Clicked on Register
09:29:55.802 [TestNG-tests-2] INFO  - Provided First Name
09:29:55.992 [TestNG-tests-1] INFO  - Clicked on Continue
09:29:56.020 [TestNG-tests-2] INFO  - Provided Last Name
09:29:56.107 [TestNG-tests-1] INFO  - Finished TC_001_AccountRegistrationTest
09:29:56.261 [TestNG-tests-2] INFO  - Provided Email
09:29:56.453 [TestNG-tests-2] INFO  - Provided Telephone
09:29:56.715 [TestNG-tests-2] INFO  - Provided and Confirmed Password
09:29:56.851 [TestNG-tests-2] INFO  - Accepted Privacy Policy
09:29:56.936 [TestNG-tests-1] INFO  - Browser closed successfully.
09:29:58.120 [TestNG-tests-2] INFO  - Clicked on Continue
09:29:58.191 [TestNG-tests-2] INFO  - Finished TC_001_AccountRegistrationTest
09:29:59.198 [TestNG-tests-2] INFO  - Browser closed successfully.
09:30:55.827 [main] INFO  - [TestNG] Running:
  E:\JavawithAutomation\opencartPracticeTestNGHybridDay5HAddExternalReports\grouping.xml

09:30:56.555 [main] ERROR - Error capturing screenshot for failed test: test_account_Registration
java.lang.NullPointerException: null
	at com.absoloop.testBase.BaseClass.captureScreen(BaseClass.java:74) ~[test-classes/:?]
	at com.absolooplab.Utility.ExtentReportManager.onTestFailure(ExtentReportManager.java:36) ~[test-classes/:?]
	at org.testng.internal.TestListenerHelper.runTestListeners(TestListenerHelper.java:115) ~[org.testng_7.11.0.r202502150124.jar:7.11.0]
	at org.testng.internal.invokers.TestInvoker.runTestResultListener(TestInvoker.java:285) ~[org.testng_7.11.0.r202502150124.jar:7.11.0]
	at org.testng.internal.invokers.TestInvoker.invokeMethod(TestInvoker.java:777) ~[org.testng_7.11.0.r202502150124.jar:7.11.0]
	at org.testng.internal.invokers.TestInvoker.invokeTestMethod(TestInvoker.java:230) ~[org.testng_7.11.0.r202502150124.jar:7.11.0]
	at org.testng.internal.invokers.MethodRunner.runInSequence(MethodRunner.java:63) ~[org.testng_7.11.0.r202502150124.jar:7.11.0]
	at org.testng.internal.invokers.TestInvoker$MethodInvocationAgent.invoke(TestInvoker.java:995) ~[org.testng_7.11.0.r202502150124.jar:7.11.0]
	at org.testng.internal.invokers.TestInvoker.invokeTestMethods(TestInvoker.java:203) ~[org.testng_7.11.0.r202502150124.jar:7.11.0]
	at org.testng.internal.invokers.TestMethodWorker.invokeTestMethods(TestMethodWorker.java:154) ~[org.testng_7.11.0.r202502150124.jar:7.11.0]
	at org.testng.internal.invokers.TestMethodWorker.run(TestMethodWorker.java:134) ~[org.testng_7.11.0.r202502150124.jar:7.11.0]
	at java.base/java.util.ArrayList.forEach(ArrayList.java:1541) [?:?]
	at org.testng.TestRunner.privateRun(TestRunner.java:741) [org.testng_7.11.0.r202502150124.jar:7.11.0]
	at org.testng.TestRunner.run(TestRunner.java:616) [org.testng_7.11.0.r202502150124.jar:7.11.0]
	at org.testng.SuiteRunner.runTest(SuiteRunner.java:421) [org.testng_7.11.0.r202502150124.jar:7.11.0]
	at org.testng.SuiteRunner.runSequentially(SuiteRunner.java:413) [org.testng_7.11.0.r202502150124.jar:7.11.0]
	at org.testng.SuiteRunner.privateRun(SuiteRunner.java:373) [org.testng_7.11.0.r202502150124.jar:7.11.0]
	at org.testng.SuiteRunner.run(SuiteRunner.java:312) [org.testng_7.11.0.r202502150124.jar:7.11.0]
	at org.testng.SuiteRunnerWorker.runSuite(SuiteRunnerWorker.java:52) [org.testng_7.11.0.r202502150124.jar:7.11.0]
	at org.testng.SuiteRunnerWorker.run(SuiteRunnerWorker.java:95) [org.testng_7.11.0.r202502150124.jar:7.11.0]
	at org.testng.TestNG.runSuitesSequentially(TestNG.java:1274) [org.testng_7.11.0.r202502150124.jar:7.11.0]
	at org.testng.TestNG.runSuitesLocally(TestNG.java:1208) [org.testng_7.11.0.r202502150124.jar:7.11.0]
	at org.testng.TestNG.runSuites(TestNG.java:1112) [org.testng_7.11.0.r202502150124.jar:7.11.0]
	at org.testng.TestNG.run(TestNG.java:1079) [org.testng_7.11.0.r202502150124.jar:7.11.0]
	at org.testng.remote.AbstractRemoteTestNG.run(AbstractRemoteTestNG.java:115) [testng-remote.jar:?]
	at org.testng.remote.RemoteTestNG.initAndRun(RemoteTestNG.java:293) [testng-remote.jar:?]
	at org.testng.remote.RemoteTestNG.main(RemoteTestNG.java:91) [testng-remote.jar:?]
09:30:56.598 [main] ERROR - Error capturing screenshot for failed test: test_Login
java.lang.NullPointerException: null
	at com.absoloop.testBase.BaseClass.captureScreen(BaseClass.java:74) ~[test-classes/:?]
	at com.absolooplab.Utility.ExtentReportManager.onTestFailure(ExtentReportManager.java:36) ~[test-classes/:?]
	at org.testng.internal.TestListenerHelper.runTestListeners(TestListenerHelper.java:115) ~[org.testng_7.11.0.r202502150124.jar:7.11.0]
	at org.testng.internal.invokers.TestInvoker.runTestResultListener(TestInvoker.java:285) ~[org.testng_7.11.0.r202502150124.jar:7.11.0]
	at org.testng.internal.invokers.TestInvoker.invokeMethod(TestInvoker.java:777) ~[org.testng_7.11.0.r202502150124.jar:7.11.0]
	at org.testng.internal.invokers.TestInvoker.invokeTestMethod(TestInvoker.java:230) ~[org.testng_7.11.0.r202502150124.jar:7.11.0]
	at org.testng.internal.invokers.MethodRunner.runInSequence(MethodRunner.java:63) ~[org.testng_7.11.0.r202502150124.jar:7.11.0]
	at org.testng.internal.invokers.TestInvoker$MethodInvocationAgent.invoke(TestInvoker.java:995) ~[org.testng_7.11.0.r202502150124.jar:7.11.0]
	at org.testng.internal.invokers.TestInvoker.invokeTestMethods(TestInvoker.java:203) ~[org.testng_7.11.0.r202502150124.jar:7.11.0]
	at org.testng.internal.invokers.TestMethodWorker.invokeTestMethods(TestMethodWorker.java:154) ~[org.testng_7.11.0.r202502150124.jar:7.11.0]
	at org.testng.internal.invokers.TestMethodWorker.run(TestMethodWorker.java:134) ~[org.testng_7.11.0.r202502150124.jar:7.11.0]
	at java.base/java.util.ArrayList.forEach(ArrayList.java:1541) [?:?]
	at org.testng.TestRunner.privateRun(TestRunner.java:741) [org.testng_7.11.0.r202502150124.jar:7.11.0]
	at org.testng.TestRunner.run(TestRunner.java:616) [org.testng_7.11.0.r202502150124.jar:7.11.0]
	at org.testng.SuiteRunner.runTest(SuiteRunner.java:421) [org.testng_7.11.0.r202502150124.jar:7.11.0]
	at org.testng.SuiteRunner.runSequentially(SuiteRunner.java:413) [org.testng_7.11.0.r202502150124.jar:7.11.0]
	at org.testng.SuiteRunner.privateRun(SuiteRunner.java:373) [org.testng_7.11.0.r202502150124.jar:7.11.0]
	at org.testng.SuiteRunner.run(SuiteRunner.java:312) [org.testng_7.11.0.r202502150124.jar:7.11.0]
	at org.testng.SuiteRunnerWorker.runSuite(SuiteRunnerWorker.java:52) [org.testng_7.11.0.r202502150124.jar:7.11.0]
	at org.testng.SuiteRunnerWorker.run(SuiteRunnerWorker.java:95) [org.testng_7.11.0.r202502150124.jar:7.11.0]
	at org.testng.TestNG.runSuitesSequentially(TestNG.java:1274) [org.testng_7.11.0.r202502150124.jar:7.11.0]
	at org.testng.TestNG.runSuitesLocally(TestNG.java:1208) [org.testng_7.11.0.r202502150124.jar:7.11.0]
	at org.testng.TestNG.runSuites(TestNG.java:1112) [org.testng_7.11.0.r202502150124.jar:7.11.0]
	at org.testng.TestNG.run(TestNG.java:1079) [org.testng_7.11.0.r202502150124.jar:7.11.0]
	at org.testng.remote.AbstractRemoteTestNG.run(AbstractRemoteTestNG.java:115) [testng-remote.jar:?]
	at org.testng.remote.RemoteTestNG.initAndRun(RemoteTestNG.java:293) [testng-remote.jar:?]
	at org.testng.remote.RemoteTestNG.main(RemoteTestNG.java:91) [testng-remote.jar:?]
09:40:56.432 [main] INFO  - [TestNG] Running:
  E:\JavawithAutomation\opencartPracticeTestNGHybridDay5HAddExternalReports\grouping.xml

09:40:57.004 [main] ERROR - Error capturing screenshot for failed test: test_account_Registration
java.lang.NullPointerException: null
	at com.absoloop.testBase.BaseClass.captureScreen(BaseClass.java:93) ~[test-classes/:?]
	at com.absolooplab.Utility.ExtentReportManager.onTestFailure(ExtentReportManager.java:36) ~[test-classes/:?]
	at org.testng.internal.TestListenerHelper.runTestListeners(TestListenerHelper.java:115) ~[org.testng_7.11.0.r202502150124.jar:7.11.0]
	at org.testng.internal.invokers.TestInvoker.runTestResultListener(TestInvoker.java:285) ~[org.testng_7.11.0.r202502150124.jar:7.11.0]
	at org.testng.internal.invokers.TestInvoker.invokeMethod(TestInvoker.java:777) ~[org.testng_7.11.0.r202502150124.jar:7.11.0]
	at org.testng.internal.invokers.TestInvoker.invokeTestMethod(TestInvoker.java:230) ~[org.testng_7.11.0.r202502150124.jar:7.11.0]
	at org.testng.internal.invokers.MethodRunner.runInSequence(MethodRunner.java:63) ~[org.testng_7.11.0.r202502150124.jar:7.11.0]
	at org.testng.internal.invokers.TestInvoker$MethodInvocationAgent.invoke(TestInvoker.java:995) ~[org.testng_7.11.0.r202502150124.jar:7.11.0]
	at org.testng.internal.invokers.TestInvoker.invokeTestMethods(TestInvoker.java:203) ~[org.testng_7.11.0.r202502150124.jar:7.11.0]
	at org.testng.internal.invokers.TestMethodWorker.invokeTestMethods(TestMethodWorker.java:154) ~[org.testng_7.11.0.r202502150124.jar:7.11.0]
	at org.testng.internal.invokers.TestMethodWorker.run(TestMethodWorker.java:134) ~[org.testng_7.11.0.r202502150124.jar:7.11.0]
	at java.base/java.util.ArrayList.forEach(ArrayList.java:1541) [?:?]
	at org.testng.TestRunner.privateRun(TestRunner.java:741) [org.testng_7.11.0.r202502150124.jar:7.11.0]
	at org.testng.TestRunner.run(TestRunner.java:616) [org.testng_7.11.0.r202502150124.jar:7.11.0]
	at org.testng.SuiteRunner.runTest(SuiteRunner.java:421) [org.testng_7.11.0.r202502150124.jar:7.11.0]
	at org.testng.SuiteRunner.runSequentially(SuiteRunner.java:413) [org.testng_7.11.0.r202502150124.jar:7.11.0]
	at org.testng.SuiteRunner.privateRun(SuiteRunner.java:373) [org.testng_7.11.0.r202502150124.jar:7.11.0]
	at org.testng.SuiteRunner.run(SuiteRunner.java:312) [org.testng_7.11.0.r202502150124.jar:7.11.0]
	at org.testng.SuiteRunnerWorker.runSuite(SuiteRunnerWorker.java:52) [org.testng_7.11.0.r202502150124.jar:7.11.0]
	at org.testng.SuiteRunnerWorker.run(SuiteRunnerWorker.java:95) [org.testng_7.11.0.r202502150124.jar:7.11.0]
	at org.testng.TestNG.runSuitesSequentially(TestNG.java:1274) [org.testng_7.11.0.r202502150124.jar:7.11.0]
	at org.testng.TestNG.runSuitesLocally(TestNG.java:1208) [org.testng_7.11.0.r202502150124.jar:7.11.0]
	at org.testng.TestNG.runSuites(TestNG.java:1112) [org.testng_7.11.0.r202502150124.jar:7.11.0]
	at org.testng.TestNG.run(TestNG.java:1079) [org.testng_7.11.0.r202502150124.jar:7.11.0]
	at org.testng.remote.AbstractRemoteTestNG.run(AbstractRemoteTestNG.java:115) [testng-remote.jar:?]
	at org.testng.remote.RemoteTestNG.initAndRun(RemoteTestNG.java:293) [testng-remote.jar:?]
	at org.testng.remote.RemoteTestNG.main(RemoteTestNG.java:91) [testng-remote.jar:?]
09:40:57.086 [main] ERROR - Error capturing screenshot for failed test: test_Login
java.lang.NullPointerException: null
	at com.absoloop.testBase.BaseClass.captureScreen(BaseClass.java:93) ~[test-classes/:?]
	at com.absolooplab.Utility.ExtentReportManager.onTestFailure(ExtentReportManager.java:36) ~[test-classes/:?]
	at org.testng.internal.TestListenerHelper.runTestListeners(TestListenerHelper.java:115) ~[org.testng_7.11.0.r202502150124.jar:7.11.0]
	at org.testng.internal.invokers.TestInvoker.runTestResultListener(TestInvoker.java:285) ~[org.testng_7.11.0.r202502150124.jar:7.11.0]
	at org.testng.internal.invokers.TestInvoker.invokeMethod(TestInvoker.java:777) ~[org.testng_7.11.0.r202502150124.jar:7.11.0]
	at org.testng.internal.invokers.TestInvoker.invokeTestMethod(TestInvoker.java:230) ~[org.testng_7.11.0.r202502150124.jar:7.11.0]
	at org.testng.internal.invokers.MethodRunner.runInSequence(MethodRunner.java:63) ~[org.testng_7.11.0.r202502150124.jar:7.11.0]
	at org.testng.internal.invokers.TestInvoker$MethodInvocationAgent.invoke(TestInvoker.java:995) ~[org.testng_7.11.0.r202502150124.jar:7.11.0]
	at org.testng.internal.invokers.TestInvoker.invokeTestMethods(TestInvoker.java:203) ~[org.testng_7.11.0.r202502150124.jar:7.11.0]
	at org.testng.internal.invokers.TestMethodWorker.invokeTestMethods(TestMethodWorker.java:154) ~[org.testng_7.11.0.r202502150124.jar:7.11.0]
	at org.testng.internal.invokers.TestMethodWorker.run(TestMethodWorker.java:134) ~[org.testng_7.11.0.r202502150124.jar:7.11.0]
	at java.base/java.util.ArrayList.forEach(ArrayList.java:1541) [?:?]
	at org.testng.TestRunner.privateRun(TestRunner.java:741) [org.testng_7.11.0.r202502150124.jar:7.11.0]
	at org.testng.TestRunner.run(TestRunner.java:616) [org.testng_7.11.0.r202502150124.jar:7.11.0]
	at org.testng.SuiteRunner.runTest(SuiteRunner.java:421) [org.testng_7.11.0.r202502150124.jar:7.11.0]
	at org.testng.SuiteRunner.runSequentially(SuiteRunner.java:413) [org.testng_7.11.0.r202502150124.jar:7.11.0]
	at org.testng.SuiteRunner.privateRun(SuiteRunner.java:373) [org.testng_7.11.0.r202502150124.jar:7.11.0]
	at org.testng.SuiteRunner.run(SuiteRunner.java:312) [org.testng_7.11.0.r202502150124.jar:7.11.0]
	at org.testng.SuiteRunnerWorker.runSuite(SuiteRunnerWorker.java:52) [org.testng_7.11.0.r202502150124.jar:7.11.0]
	at org.testng.SuiteRunnerWorker.run(SuiteRunnerWorker.java:95) [org.testng_7.11.0.r202502150124.jar:7.11.0]
	at org.testng.TestNG.runSuitesSequentially(TestNG.java:1274) [org.testng_7.11.0.r202502150124.jar:7.11.0]
	at org.testng.TestNG.runSuitesLocally(TestNG.java:1208) [org.testng_7.11.0.r202502150124.jar:7.11.0]
	at org.testng.TestNG.runSuites(TestNG.java:1112) [org.testng_7.11.0.r202502150124.jar:7.11.0]
	at org.testng.TestNG.run(TestNG.java:1079) [org.testng_7.11.0.r202502150124.jar:7.11.0]
	at org.testng.remote.AbstractRemoteTestNG.run(AbstractRemoteTestNG.java:115) [testng-remote.jar:?]
	at org.testng.remote.RemoteTestNG.initAndRun(RemoteTestNG.java:293) [testng-remote.jar:?]
	at org.testng.remote.RemoteTestNG.main(RemoteTestNG.java:91) [testng-remote.jar:?]
09:42:40.694 [main] INFO  - [TestNG] Running:
  E:\JavawithAutomation\opencartPracticeTestNGHybridDay5HAddExternalReports\grouping.xml

09:42:41.645 [main] ERROR - Error capturing screenshot for failed test: test_account_Registration
java.lang.NullPointerException: null
	at com.absoloop.testBase.BaseClass.captureScreen(BaseClass.java:90) ~[test-classes/:?]
	at com.absolooplab.Utility.ExtentReportManager.onTestFailure(ExtentReportManager.java:36) ~[test-classes/:?]
	at org.testng.internal.TestListenerHelper.runTestListeners(TestListenerHelper.java:115) ~[org.testng_7.11.0.r202502150124.jar:7.11.0]
	at org.testng.internal.invokers.TestInvoker.runTestResultListener(TestInvoker.java:285) ~[org.testng_7.11.0.r202502150124.jar:7.11.0]
	at org.testng.internal.invokers.TestInvoker.invokeMethod(TestInvoker.java:777) ~[org.testng_7.11.0.r202502150124.jar:7.11.0]
	at org.testng.internal.invokers.TestInvoker.invokeTestMethod(TestInvoker.java:230) ~[org.testng_7.11.0.r202502150124.jar:7.11.0]
	at org.testng.internal.invokers.MethodRunner.runInSequence(MethodRunner.java:63) ~[org.testng_7.11.0.r202502150124.jar:7.11.0]
	at org.testng.internal.invokers.TestInvoker$MethodInvocationAgent.invoke(TestInvoker.java:995) ~[org.testng_7.11.0.r202502150124.jar:7.11.0]
	at org.testng.internal.invokers.TestInvoker.invokeTestMethods(TestInvoker.java:203) ~[org.testng_7.11.0.r202502150124.jar:7.11.0]
	at org.testng.internal.invokers.TestMethodWorker.invokeTestMethods(TestMethodWorker.java:154) ~[org.testng_7.11.0.r202502150124.jar:7.11.0]
	at org.testng.internal.invokers.TestMethodWorker.run(TestMethodWorker.java:134) ~[org.testng_7.11.0.r202502150124.jar:7.11.0]
	at java.base/java.util.ArrayList.forEach(ArrayList.java:1541) [?:?]
	at org.testng.TestRunner.privateRun(TestRunner.java:741) [org.testng_7.11.0.r202502150124.jar:7.11.0]
	at org.testng.TestRunner.run(TestRunner.java:616) [org.testng_7.11.0.r202502150124.jar:7.11.0]
	at org.testng.SuiteRunner.runTest(SuiteRunner.java:421) [org.testng_7.11.0.r202502150124.jar:7.11.0]
	at org.testng.SuiteRunner.runSequentially(SuiteRunner.java:413) [org.testng_7.11.0.r202502150124.jar:7.11.0]
	at org.testng.SuiteRunner.privateRun(SuiteRunner.java:373) [org.testng_7.11.0.r202502150124.jar:7.11.0]
	at org.testng.SuiteRunner.run(SuiteRunner.java:312) [org.testng_7.11.0.r202502150124.jar:7.11.0]
	at org.testng.SuiteRunnerWorker.runSuite(SuiteRunnerWorker.java:52) [org.testng_7.11.0.r202502150124.jar:7.11.0]
	at org.testng.SuiteRunnerWorker.run(SuiteRunnerWorker.java:95) [org.testng_7.11.0.r202502150124.jar:7.11.0]
	at org.testng.TestNG.runSuitesSequentially(TestNG.java:1274) [org.testng_7.11.0.r202502150124.jar:7.11.0]
	at org.testng.TestNG.runSuitesLocally(TestNG.java:1208) [org.testng_7.11.0.r202502150124.jar:7.11.0]
	at org.testng.TestNG.runSuites(TestNG.java:1112) [org.testng_7.11.0.r202502150124.jar:7.11.0]
	at org.testng.TestNG.run(TestNG.java:1079) [org.testng_7.11.0.r202502150124.jar:7.11.0]
	at org.testng.remote.AbstractRemoteTestNG.run(AbstractRemoteTestNG.java:115) [testng-remote.jar:?]
	at org.testng.remote.RemoteTestNG.initAndRun(RemoteTestNG.java:293) [testng-remote.jar:?]
	at org.testng.remote.RemoteTestNG.main(RemoteTestNG.java:91) [testng-remote.jar:?]
09:42:41.732 [main] ERROR - Error capturing screenshot for failed test: test_Login
java.lang.NullPointerException: null
	at com.absoloop.testBase.BaseClass.captureScreen(BaseClass.java:90) ~[test-classes/:?]
	at com.absolooplab.Utility.ExtentReportManager.onTestFailure(ExtentReportManager.java:36) ~[test-classes/:?]
	at org.testng.internal.TestListenerHelper.runTestListeners(TestListenerHelper.java:115) ~[org.testng_7.11.0.r202502150124.jar:7.11.0]
	at org.testng.internal.invokers.TestInvoker.runTestResultListener(TestInvoker.java:285) ~[org.testng_7.11.0.r202502150124.jar:7.11.0]
	at org.testng.internal.invokers.TestInvoker.invokeMethod(TestInvoker.java:777) ~[org.testng_7.11.0.r202502150124.jar:7.11.0]
	at org.testng.internal.invokers.TestInvoker.invokeTestMethod(TestInvoker.java:230) ~[org.testng_7.11.0.r202502150124.jar:7.11.0]
	at org.testng.internal.invokers.MethodRunner.runInSequence(MethodRunner.java:63) ~[org.testng_7.11.0.r202502150124.jar:7.11.0]
	at org.testng.internal.invokers.TestInvoker$MethodInvocationAgent.invoke(TestInvoker.java:995) ~[org.testng_7.11.0.r202502150124.jar:7.11.0]
	at org.testng.internal.invokers.TestInvoker.invokeTestMethods(TestInvoker.java:203) ~[org.testng_7.11.0.r202502150124.jar:7.11.0]
	at org.testng.internal.invokers.TestMethodWorker.invokeTestMethods(TestMethodWorker.java:154) ~[org.testng_7.11.0.r202502150124.jar:7.11.0]
	at org.testng.internal.invokers.TestMethodWorker.run(TestMethodWorker.java:134) ~[org.testng_7.11.0.r202502150124.jar:7.11.0]
	at java.base/java.util.ArrayList.forEach(ArrayList.java:1541) [?:?]
	at org.testng.TestRunner.privateRun(TestRunner.java:741) [org.testng_7.11.0.r202502150124.jar:7.11.0]
	at org.testng.TestRunner.run(TestRunner.java:616) [org.testng_7.11.0.r202502150124.jar:7.11.0]
	at org.testng.SuiteRunner.runTest(SuiteRunner.java:421) [org.testng_7.11.0.r202502150124.jar:7.11.0]
	at org.testng.SuiteRunner.runSequentially(SuiteRunner.java:413) [org.testng_7.11.0.r202502150124.jar:7.11.0]
	at org.testng.SuiteRunner.privateRun(SuiteRunner.java:373) [org.testng_7.11.0.r202502150124.jar:7.11.0]
	at org.testng.SuiteRunner.run(SuiteRunner.java:312) [org.testng_7.11.0.r202502150124.jar:7.11.0]
	at org.testng.SuiteRunnerWorker.runSuite(SuiteRunnerWorker.java:52) [org.testng_7.11.0.r202502150124.jar:7.11.0]
	at org.testng.SuiteRunnerWorker.run(SuiteRunnerWorker.java:95) [org.testng_7.11.0.r202502150124.jar:7.11.0]
	at org.testng.TestNG.runSuitesSequentially(TestNG.java:1274) [org.testng_7.11.0.r202502150124.jar:7.11.0]
	at org.testng.TestNG.runSuitesLocally(TestNG.java:1208) [org.testng_7.11.0.r202502150124.jar:7.11.0]
	at org.testng.TestNG.runSuites(TestNG.java:1112) [org.testng_7.11.0.r202502150124.jar:7.11.0]
	at org.testng.TestNG.run(TestNG.java:1079) [org.testng_7.11.0.r202502150124.jar:7.11.0]
	at org.testng.remote.AbstractRemoteTestNG.run(AbstractRemoteTestNG.java:115) [testng-remote.jar:?]
	at org.testng.remote.RemoteTestNG.initAndRun(RemoteTestNG.java:293) [testng-remote.jar:?]
	at org.testng.remote.RemoteTestNG.main(RemoteTestNG.java:91) [testng-remote.jar:?]
09:49:16.969 [main] INFO  - [TestNG] Running:
  E:\JavawithAutomation\opencartPracticeTestNGHybridDay5HAddExternalReports\grouping.xml

09:49:17.962 [main] ERROR - Error capturing screenshot for failed test: test_account_Registration
java.lang.NullPointerException: null
	at com.absoloop.testBase.BaseClass.captureScreen(BaseClass.java:96) ~[test-classes/:?]
	at com.absolooplab.Utility.ExtentReportManager.onTestFailure(ExtentReportManager.java:57) ~[test-classes/:?]
	at org.testng.internal.TestListenerHelper.runTestListeners(TestListenerHelper.java:115) ~[org.testng_7.11.0.r202502150124.jar:7.11.0]
	at org.testng.internal.invokers.TestInvoker.runTestResultListener(TestInvoker.java:285) ~[org.testng_7.11.0.r202502150124.jar:7.11.0]
	at org.testng.internal.invokers.TestInvoker.invokeMethod(TestInvoker.java:777) ~[org.testng_7.11.0.r202502150124.jar:7.11.0]
	at org.testng.internal.invokers.TestInvoker.invokeTestMethod(TestInvoker.java:230) ~[org.testng_7.11.0.r202502150124.jar:7.11.0]
	at org.testng.internal.invokers.MethodRunner.runInSequence(MethodRunner.java:63) ~[org.testng_7.11.0.r202502150124.jar:7.11.0]
	at org.testng.internal.invokers.TestInvoker$MethodInvocationAgent.invoke(TestInvoker.java:995) ~[org.testng_7.11.0.r202502150124.jar:7.11.0]
	at org.testng.internal.invokers.TestInvoker.invokeTestMethods(TestInvoker.java:203) ~[org.testng_7.11.0.r202502150124.jar:7.11.0]
	at org.testng.internal.invokers.TestMethodWorker.invokeTestMethods(TestMethodWorker.java:154) ~[org.testng_7.11.0.r202502150124.jar:7.11.0]
	at org.testng.internal.invokers.TestMethodWorker.run(TestMethodWorker.java:134) ~[org.testng_7.11.0.r202502150124.jar:7.11.0]
	at java.base/java.util.ArrayList.forEach(ArrayList.java:1541) [?:?]
	at org.testng.TestRunner.privateRun(TestRunner.java:741) [org.testng_7.11.0.r202502150124.jar:7.11.0]
	at org.testng.TestRunner.run(TestRunner.java:616) [org.testng_7.11.0.r202502150124.jar:7.11.0]
	at org.testng.SuiteRunner.runTest(SuiteRunner.java:421) [org.testng_7.11.0.r202502150124.jar:7.11.0]
	at org.testng.SuiteRunner.runSequentially(SuiteRunner.java:413) [org.testng_7.11.0.r202502150124.jar:7.11.0]
	at org.testng.SuiteRunner.privateRun(SuiteRunner.java:373) [org.testng_7.11.0.r202502150124.jar:7.11.0]
	at org.testng.SuiteRunner.run(SuiteRunner.java:312) [org.testng_7.11.0.r202502150124.jar:7.11.0]
	at org.testng.SuiteRunnerWorker.runSuite(SuiteRunnerWorker.java:52) [org.testng_7.11.0.r202502150124.jar:7.11.0]
	at org.testng.SuiteRunnerWorker.run(SuiteRunnerWorker.java:95) [org.testng_7.11.0.r202502150124.jar:7.11.0]
	at org.testng.TestNG.runSuitesSequentially(TestNG.java:1274) [org.testng_7.11.0.r202502150124.jar:7.11.0]
	at org.testng.TestNG.runSuitesLocally(TestNG.java:1208) [org.testng_7.11.0.r202502150124.jar:7.11.0]
	at org.testng.TestNG.runSuites(TestNG.java:1112) [org.testng_7.11.0.r202502150124.jar:7.11.0]
	at org.testng.TestNG.run(TestNG.java:1079) [org.testng_7.11.0.r202502150124.jar:7.11.0]
	at org.testng.remote.AbstractRemoteTestNG.run(AbstractRemoteTestNG.java:115) [testng-remote.jar:?]
	at org.testng.remote.RemoteTestNG.initAndRun(RemoteTestNG.java:293) [testng-remote.jar:?]
	at org.testng.remote.RemoteTestNG.main(RemoteTestNG.java:91) [testng-remote.jar:?]
09:49:18.035 [main] ERROR - Error capturing screenshot for failed test: test_Login
java.lang.NullPointerException: null
	at com.absoloop.testBase.BaseClass.captureScreen(BaseClass.java:96) ~[test-classes/:?]
	at com.absolooplab.Utility.ExtentReportManager.onTestFailure(ExtentReportManager.java:57) ~[test-classes/:?]
	at org.testng.internal.TestListenerHelper.runTestListeners(TestListenerHelper.java:115) ~[org.testng_7.11.0.r202502150124.jar:7.11.0]
	at org.testng.internal.invokers.TestInvoker.runTestResultListener(TestInvoker.java:285) ~[org.testng_7.11.0.r202502150124.jar:7.11.0]
	at org.testng.internal.invokers.TestInvoker.invokeMethod(TestInvoker.java:777) ~[org.testng_7.11.0.r202502150124.jar:7.11.0]
	at org.testng.internal.invokers.TestInvoker.invokeTestMethod(TestInvoker.java:230) ~[org.testng_7.11.0.r202502150124.jar:7.11.0]
	at org.testng.internal.invokers.MethodRunner.runInSequence(MethodRunner.java:63) ~[org.testng_7.11.0.r202502150124.jar:7.11.0]
	at org.testng.internal.invokers.TestInvoker$MethodInvocationAgent.invoke(TestInvoker.java:995) ~[org.testng_7.11.0.r202502150124.jar:7.11.0]
	at org.testng.internal.invokers.TestInvoker.invokeTestMethods(TestInvoker.java:203) ~[org.testng_7.11.0.r202502150124.jar:7.11.0]
	at org.testng.internal.invokers.TestMethodWorker.invokeTestMethods(TestMethodWorker.java:154) ~[org.testng_7.11.0.r202502150124.jar:7.11.0]
	at org.testng.internal.invokers.TestMethodWorker.run(TestMethodWorker.java:134) ~[org.testng_7.11.0.r202502150124.jar:7.11.0]
	at java.base/java.util.ArrayList.forEach(ArrayList.java:1541) [?:?]
	at org.testng.TestRunner.privateRun(TestRunner.java:741) [org.testng_7.11.0.r202502150124.jar:7.11.0]
	at org.testng.TestRunner.run(TestRunner.java:616) [org.testng_7.11.0.r202502150124.jar:7.11.0]
	at org.testng.SuiteRunner.runTest(SuiteRunner.java:421) [org.testng_7.11.0.r202502150124.jar:7.11.0]
	at org.testng.SuiteRunner.runSequentially(SuiteRunner.java:413) [org.testng_7.11.0.r202502150124.jar:7.11.0]
	at org.testng.SuiteRunner.privateRun(SuiteRunner.java:373) [org.testng_7.11.0.r202502150124.jar:7.11.0]
	at org.testng.SuiteRunner.run(SuiteRunner.java:312) [org.testng_7.11.0.r202502150124.jar:7.11.0]
	at org.testng.SuiteRunnerWorker.runSuite(SuiteRunnerWorker.java:52) [org.testng_7.11.0.r202502150124.jar:7.11.0]
	at org.testng.SuiteRunnerWorker.run(SuiteRunnerWorker.java:95) [org.testng_7.11.0.r202502150124.jar:7.11.0]
	at org.testng.TestNG.runSuitesSequentially(TestNG.java:1274) [org.testng_7.11.0.r202502150124.jar:7.11.0]
	at org.testng.TestNG.runSuitesLocally(TestNG.java:1208) [org.testng_7.11.0.r202502150124.jar:7.11.0]
	at org.testng.TestNG.runSuites(TestNG.java:1112) [org.testng_7.11.0.r202502150124.jar:7.11.0]
	at org.testng.TestNG.run(TestNG.java:1079) [org.testng_7.11.0.r202502150124.jar:7.11.0]
	at org.testng.remote.AbstractRemoteTestNG.run(AbstractRemoteTestNG.java:115) [testng-remote.jar:?]
	at org.testng.remote.RemoteTestNG.initAndRun(RemoteTestNG.java:293) [testng-remote.jar:?]
	at org.testng.remote.RemoteTestNG.main(RemoteTestNG.java:91) [testng-remote.jar:?]
09:49:19.383 [main] ERROR - Error opening the Extent Report file
java.io.IOException: Failed to open file:/E:/JavawithAutomation/opencartPracticeTestNGHybridDay5HAddExternalReports/./reports/TestReport.html. Error message: The system cannot find the file specified.

	at java.desktop/sun.awt.windows.WDesktopPeer.ShellExecute(WDesktopPeer.java:115) ~[?:?]
	at java.desktop/sun.awt.windows.WDesktopPeer.browse(WDesktopPeer.java:101) ~[?:?]
	at java.desktop/java.awt.Desktop.browse(Desktop.java:526) ~[?:?]
	at com.absolooplab.Utility.ExtentReportManager.onFinish(ExtentReportManager.java:80) [test-classes/:?]
	at org.testng.TestRunner.fireEvent(TestRunner.java:900) [org.testng_7.11.0.r202502150124.jar:7.11.0]
	at org.testng.TestRunner.afterRun(TestRunner.java:855) [org.testng_7.11.0.r202502150124.jar:7.11.0]
	at org.testng.TestRunner.run(TestRunner.java:618) [org.testng_7.11.0.r202502150124.jar:7.11.0]
	at org.testng.SuiteRunner.runTest(SuiteRunner.java:421) [org.testng_7.11.0.r202502150124.jar:7.11.0]
	at org.testng.SuiteRunner.runSequentially(SuiteRunner.java:413) [org.testng_7.11.0.r202502150124.jar:7.11.0]
	at org.testng.SuiteRunner.privateRun(SuiteRunner.java:373) [org.testng_7.11.0.r202502150124.jar:7.11.0]
	at org.testng.SuiteRunner.run(SuiteRunner.java:312) [org.testng_7.11.0.r202502150124.jar:7.11.0]
	at org.testng.SuiteRunnerWorker.runSuite(SuiteRunnerWorker.java:52) [org.testng_7.11.0.r202502150124.jar:7.11.0]
	at org.testng.SuiteRunnerWorker.run(SuiteRunnerWorker.java:95) [org.testng_7.11.0.r202502150124.jar:7.11.0]
	at org.testng.TestNG.runSuitesSequentially(TestNG.java:1274) [org.testng_7.11.0.r202502150124.jar:7.11.0]
	at org.testng.TestNG.runSuitesLocally(TestNG.java:1208) [org.testng_7.11.0.r202502150124.jar:7.11.0]
	at org.testng.TestNG.runSuites(TestNG.java:1112) [org.testng_7.11.0.r202502150124.jar:7.11.0]
	at org.testng.TestNG.run(TestNG.java:1079) [org.testng_7.11.0.r202502150124.jar:7.11.0]
	at org.testng.remote.AbstractRemoteTestNG.run(AbstractRemoteTestNG.java:115) [testng-remote.jar:?]
	at org.testng.remote.RemoteTestNG.initAndRun(RemoteTestNG.java:293) [testng-remote.jar:?]
	at org.testng.remote.RemoteTestNG.main(RemoteTestNG.java:91) [testng-remote.jar:?]
10:18:18.298 [main] INFO  - [TestNG] Running:
  E:\JavawithAutomation\opencartPracticeTestNGHybridDay5HAddExternalReports\grouping.xml

10:18:20.584 [main] ERROR - Error capturing screenshot for failed test: test_account_Registration
java.lang.NullPointerException: null
	at com.absoloop.testBase.BaseClass.captureScreen(BaseClass.java:74) ~[test-classes/:?]
	at com.absolooplab.Utility.ExtentReportManager.onTestFailure(ExtentReportManager.java:57) ~[test-classes/:?]
	at org.testng.internal.TestListenerHelper.runTestListeners(TestListenerHelper.java:115) ~[org.testng_7.11.0.r202502150124.jar:7.11.0]
	at org.testng.internal.invokers.TestInvoker.runTestResultListener(TestInvoker.java:285) ~[org.testng_7.11.0.r202502150124.jar:7.11.0]
	at org.testng.internal.invokers.TestInvoker.invokeMethod(TestInvoker.java:777) ~[org.testng_7.11.0.r202502150124.jar:7.11.0]
	at org.testng.internal.invokers.TestInvoker.invokeTestMethod(TestInvoker.java:230) ~[org.testng_7.11.0.r202502150124.jar:7.11.0]
	at org.testng.internal.invokers.MethodRunner.runInSequence(MethodRunner.java:63) ~[org.testng_7.11.0.r202502150124.jar:7.11.0]
	at org.testng.internal.invokers.TestInvoker$MethodInvocationAgent.invoke(TestInvoker.java:995) ~[org.testng_7.11.0.r202502150124.jar:7.11.0]
	at org.testng.internal.invokers.TestInvoker.invokeTestMethods(TestInvoker.java:203) ~[org.testng_7.11.0.r202502150124.jar:7.11.0]
	at org.testng.internal.invokers.TestMethodWorker.invokeTestMethods(TestMethodWorker.java:154) ~[org.testng_7.11.0.r202502150124.jar:7.11.0]
	at org.testng.internal.invokers.TestMethodWorker.run(TestMethodWorker.java:134) ~[org.testng_7.11.0.r202502150124.jar:7.11.0]
	at java.base/java.util.ArrayList.forEach(ArrayList.java:1541) [?:?]
	at org.testng.TestRunner.privateRun(TestRunner.java:741) [org.testng_7.11.0.r202502150124.jar:7.11.0]
	at org.testng.TestRunner.run(TestRunner.java:616) [org.testng_7.11.0.r202502150124.jar:7.11.0]
	at org.testng.SuiteRunner.runTest(SuiteRunner.java:421) [org.testng_7.11.0.r202502150124.jar:7.11.0]
	at org.testng.SuiteRunner.runSequentially(SuiteRunner.java:413) [org.testng_7.11.0.r202502150124.jar:7.11.0]
	at org.testng.SuiteRunner.privateRun(SuiteRunner.java:373) [org.testng_7.11.0.r202502150124.jar:7.11.0]
	at org.testng.SuiteRunner.run(SuiteRunner.java:312) [org.testng_7.11.0.r202502150124.jar:7.11.0]
	at org.testng.SuiteRunnerWorker.runSuite(SuiteRunnerWorker.java:52) [org.testng_7.11.0.r202502150124.jar:7.11.0]
	at org.testng.SuiteRunnerWorker.run(SuiteRunnerWorker.java:95) [org.testng_7.11.0.r202502150124.jar:7.11.0]
	at org.testng.TestNG.runSuitesSequentially(TestNG.java:1274) [org.testng_7.11.0.r202502150124.jar:7.11.0]
	at org.testng.TestNG.runSuitesLocally(TestNG.java:1208) [org.testng_7.11.0.r202502150124.jar:7.11.0]
	at org.testng.TestNG.runSuites(TestNG.java:1112) [org.testng_7.11.0.r202502150124.jar:7.11.0]
	at org.testng.TestNG.run(TestNG.java:1079) [org.testng_7.11.0.r202502150124.jar:7.11.0]
	at org.testng.remote.AbstractRemoteTestNG.run(AbstractRemoteTestNG.java:115) [testng-remote.jar:?]
	at org.testng.remote.RemoteTestNG.initAndRun(RemoteTestNG.java:293) [testng-remote.jar:?]
	at org.testng.remote.RemoteTestNG.main(RemoteTestNG.java:91) [testng-remote.jar:?]
10:18:20.972 [main] ERROR - Error capturing screenshot for failed test: test_Login
java.lang.NullPointerException: null
	at com.absoloop.testBase.BaseClass.captureScreen(BaseClass.java:74) ~[test-classes/:?]
	at com.absolooplab.Utility.ExtentReportManager.onTestFailure(ExtentReportManager.java:57) ~[test-classes/:?]
	at org.testng.internal.TestListenerHelper.runTestListeners(TestListenerHelper.java:115) ~[org.testng_7.11.0.r202502150124.jar:7.11.0]
	at org.testng.internal.invokers.TestInvoker.runTestResultListener(TestInvoker.java:285) ~[org.testng_7.11.0.r202502150124.jar:7.11.0]
	at org.testng.internal.invokers.TestInvoker.invokeMethod(TestInvoker.java:777) ~[org.testng_7.11.0.r202502150124.jar:7.11.0]
	at org.testng.internal.invokers.TestInvoker.invokeTestMethod(TestInvoker.java:230) ~[org.testng_7.11.0.r202502150124.jar:7.11.0]
	at org.testng.internal.invokers.MethodRunner.runInSequence(MethodRunner.java:63) ~[org.testng_7.11.0.r202502150124.jar:7.11.0]
	at org.testng.internal.invokers.TestInvoker$MethodInvocationAgent.invoke(TestInvoker.java:995) ~[org.testng_7.11.0.r202502150124.jar:7.11.0]
	at org.testng.internal.invokers.TestInvoker.invokeTestMethods(TestInvoker.java:203) ~[org.testng_7.11.0.r202502150124.jar:7.11.0]
	at org.testng.internal.invokers.TestMethodWorker.invokeTestMethods(TestMethodWorker.java:154) ~[org.testng_7.11.0.r202502150124.jar:7.11.0]
	at org.testng.internal.invokers.TestMethodWorker.run(TestMethodWorker.java:134) ~[org.testng_7.11.0.r202502150124.jar:7.11.0]
	at java.base/java.util.ArrayList.forEach(ArrayList.java:1541) [?:?]
	at org.testng.TestRunner.privateRun(TestRunner.java:741) [org.testng_7.11.0.r202502150124.jar:7.11.0]
	at org.testng.TestRunner.run(TestRunner.java:616) [org.testng_7.11.0.r202502150124.jar:7.11.0]
	at org.testng.SuiteRunner.runTest(SuiteRunner.java:421) [org.testng_7.11.0.r202502150124.jar:7.11.0]
	at org.testng.SuiteRunner.runSequentially(SuiteRunner.java:413) [org.testng_7.11.0.r202502150124.jar:7.11.0]
	at org.testng.SuiteRunner.privateRun(SuiteRunner.java:373) [org.testng_7.11.0.r202502150124.jar:7.11.0]
	at org.testng.SuiteRunner.run(SuiteRunner.java:312) [org.testng_7.11.0.r202502150124.jar:7.11.0]
	at org.testng.SuiteRunnerWorker.runSuite(SuiteRunnerWorker.java:52) [org.testng_7.11.0.r202502150124.jar:7.11.0]
	at org.testng.SuiteRunnerWorker.run(SuiteRunnerWorker.java:95) [org.testng_7.11.0.r202502150124.jar:7.11.0]
	at org.testng.TestNG.runSuitesSequentially(TestNG.java:1274) [org.testng_7.11.0.r202502150124.jar:7.11.0]
	at org.testng.TestNG.runSuitesLocally(TestNG.java:1208) [org.testng_7.11.0.r202502150124.jar:7.11.0]
	at org.testng.TestNG.runSuites(TestNG.java:1112) [org.testng_7.11.0.r202502150124.jar:7.11.0]
	at org.testng.TestNG.run(TestNG.java:1079) [org.testng_7.11.0.r202502150124.jar:7.11.0]
	at org.testng.remote.AbstractRemoteTestNG.run(AbstractRemoteTestNG.java:115) [testng-remote.jar:?]
	at org.testng.remote.RemoteTestNG.initAndRun(RemoteTestNG.java:293) [testng-remote.jar:?]
	at org.testng.remote.RemoteTestNG.main(RemoteTestNG.java:91) [testng-remote.jar:?]
10:18:25.599 [main] ERROR - Error opening the Extent Report file
java.io.IOException: Failed to open file:/E:/JavawithAutomation/opencartPracticeTestNGHybridDay5HAddExternalReports/./reports/TestReport.html. Error message: The system cannot find the file specified.

	at java.desktop/sun.awt.windows.WDesktopPeer.ShellExecute(WDesktopPeer.java:115) ~[?:?]
	at java.desktop/sun.awt.windows.WDesktopPeer.browse(WDesktopPeer.java:101) ~[?:?]
	at java.desktop/java.awt.Desktop.browse(Desktop.java:526) ~[?:?]
	at com.absolooplab.Utility.ExtentReportManager.onFinish(ExtentReportManager.java:80) [test-classes/:?]
	at org.testng.TestRunner.fireEvent(TestRunner.java:900) [org.testng_7.11.0.r202502150124.jar:7.11.0]
	at org.testng.TestRunner.afterRun(TestRunner.java:855) [org.testng_7.11.0.r202502150124.jar:7.11.0]
	at org.testng.TestRunner.run(TestRunner.java:618) [org.testng_7.11.0.r202502150124.jar:7.11.0]
	at org.testng.SuiteRunner.runTest(SuiteRunner.java:421) [org.testng_7.11.0.r202502150124.jar:7.11.0]
	at org.testng.SuiteRunner.runSequentially(SuiteRunner.java:413) [org.testng_7.11.0.r202502150124.jar:7.11.0]
	at org.testng.SuiteRunner.privateRun(SuiteRunner.java:373) [org.testng_7.11.0.r202502150124.jar:7.11.0]
	at org.testng.SuiteRunner.run(SuiteRunner.java:312) [org.testng_7.11.0.r202502150124.jar:7.11.0]
	at org.testng.SuiteRunnerWorker.runSuite(SuiteRunnerWorker.java:52) [org.testng_7.11.0.r202502150124.jar:7.11.0]
	at org.testng.SuiteRunnerWorker.run(SuiteRunnerWorker.java:95) [org.testng_7.11.0.r202502150124.jar:7.11.0]
	at org.testng.TestNG.runSuitesSequentially(TestNG.java:1274) [org.testng_7.11.0.r202502150124.jar:7.11.0]
	at org.testng.TestNG.runSuitesLocally(TestNG.java:1208) [org.testng_7.11.0.r202502150124.jar:7.11.0]
	at org.testng.TestNG.runSuites(TestNG.java:1112) [org.testng_7.11.0.r202502150124.jar:7.11.0]
	at org.testng.TestNG.run(TestNG.java:1079) [org.testng_7.11.0.r202502150124.jar:7.11.0]
	at org.testng.remote.AbstractRemoteTestNG.run(AbstractRemoteTestNG.java:115) [testng-remote.jar:?]
	at org.testng.remote.RemoteTestNG.initAndRun(RemoteTestNG.java:293) [testng-remote.jar:?]
	at org.testng.remote.RemoteTestNG.main(RemoteTestNG.java:91) [testng-remote.jar:?]
10:19:18.588 [main] INFO  - [TestNG] Running:
  E:\JavawithAutomation\opencartPracticeTestNGHybridDay5HAddExternalReports\crossbrowsertests.xml

10:19:23.787 [TestNG-tests-1] INFO  - Using chromedriver 134.0.6998.88 (resolved driver for Chrome 134)
10:19:23.813 [TestNG-tests-2] INFO  - Using msedgedriver 134.0.3124.68 (resolved driver for Edge 134)
10:19:24.168 [TestNG-tests-1] INFO  - Exporting webdriver.chrome.driver as C:\Users\tztej\.cache\selenium\chromedriver\win64\134.0.6998.88\chromedriver.exe
10:19:24.169 [TestNG-tests-2] INFO  - Exporting webdriver.edge.driver as C:\Users\tztej\.cache\selenium\msedgedriver\win64\134.0.3124.68\msedgedriver.exe
10:19:55.445 [TestNG-tests-1] INFO  - Opened URL: https://tutorialsninja.com/demo/
10:19:55.645 [TestNG-tests-1] INFO  - Starting TC_001_AccountRegistrationTest
10:19:56.093 [TestNG-tests-2] INFO  - Opened URL: https://tutorialsninja.com/demo/
10:19:56.102 [TestNG-tests-2] INFO  - Starting TC_001_AccountRegistrationTest
10:19:56.646 [TestNG-tests-1] INFO  - Clicked on My Account
10:19:58.360 [TestNG-tests-2] INFO  - Clicked on My Account
10:19:59.065 [TestNG-tests-1] INFO  - Clicked on Register
10:20:01.897 [TestNG-tests-2] INFO  - Clicked on Register
10:20:02.381 [TestNG-tests-1] INFO  - Provided First Name
10:20:02.447 [TestNG-tests-2] INFO  - Provided First Name
10:20:03.087 [TestNG-tests-2] INFO  - Provided Last Name
10:20:03.174 [TestNG-tests-1] INFO  - Provided Last Name
10:20:03.438 [TestNG-tests-2] INFO  - Provided Email
10:20:04.093 [TestNG-tests-1] INFO  - Provided Email
10:20:04.543 [TestNG-tests-2] INFO  - Provided Telephone
10:20:04.919 [TestNG-tests-1] INFO  - Provided Telephone
10:20:06.070 [TestNG-tests-2] INFO  - Provided and Confirmed Password
10:20:06.229 [TestNG-tests-1] INFO  - Provided and Confirmed Password
10:20:06.546 [TestNG-tests-2] INFO  - Accepted Privacy Policy
10:20:06.793 [TestNG-tests-1] INFO  - Accepted Privacy Policy
10:20:08.793 [TestNG-tests-2] INFO  - Clicked on Continue
10:20:09.046 [TestNG-tests-2] INFO  - Finished TC_001_AccountRegistrationTest
10:20:09.640 [TestNG-tests-1] INFO  - Clicked on Continue
10:20:09.793 [TestNG-tests-1] INFO  - Finished TC_001_AccountRegistrationTest
10:20:13.119 [TestNG-tests-1] INFO  - Browser closed successfully.
10:20:13.496 [TestNG-tests-2] INFO  - Browser closed successfully.
10:21:31.144 [main] INFO  - [TestNG] Running:
  E:\JavawithAutomation\opencartPracticeTestNGHybridDay5HAddExternalReports\grouping.xml

10:23:39.793 [main] INFO  - [TestNG] Running:
  E:\JavawithAutomation\opencartPracticeTestNGHybridDay5HAddExternalReports\grouping.xml

10:30:46.014 [main] INFO  - [TestNG] Running:
  E:\JavawithAutomation\opencartPracticeTestNGHybridDay5HAddExternalReports\grouping.xml

10:30:48.909 [main] INFO  - Using chromedriver 134.0.6998.88 (resolved driver for Chrome 134)
10:30:49.032 [main] INFO  - Exporting webdriver.chrome.driver as C:\Users\tztej\.cache\selenium\chromedriver\win64\134.0.6998.88\chromedriver.exe
10:30:57.737 [main] INFO  - Using chromedriver 134.0.6998.88 (resolved driver for Chrome 134)
10:30:57.768 [main] INFO  - Exporting webdriver.chrome.driver as C:\Users\tztej\.cache\selenium\chromedriver\win64\134.0.6998.88\chromedriver.exe
10:32:08.299 [main] INFO  - [TestNG] Running:
  E:\JavawithAutomation\opencartPracticeTestNGHybridDay5HAddExternalReports\grouping.xml

10:32:09.491 [main] INFO  - Using chromedriver 134.0.6998.88 (resolved driver for Chrome 134)
10:32:09.603 [main] INFO  - Exporting webdriver.chrome.driver as C:\Users\tztej\.cache\selenium\chromedriver\win64\134.0.6998.88\chromedriver.exe
10:32:14.700 [main] INFO  - Using chromedriver 134.0.6998.88 (resolved driver for Chrome 134)
10:32:14.732 [main] INFO  - Exporting webdriver.chrome.driver as C:\Users\tztej\.cache\selenium\chromedriver\win64\134.0.6998.88\chromedriver.exe
10:34:58.308 [main] INFO  - [TestNG] Running:
  E:\JavawithAutomation\opencartPracticeTestNGHybridDay5HAddExternalReports\grouping.xml

10:35:00.073 [main] INFO  - Using chromedriver 134.0.6998.88 (resolved driver for Chrome 134)
10:35:00.204 [main] INFO  - Exporting webdriver.chrome.driver as C:\Users\tztej\.cache\selenium\chromedriver\win64\134.0.6998.88\chromedriver.exe
10:35:20.244 [main] INFO  - Strating TC_001_AccountRegistrationtTest
10:35:21.043 [main] INFO  - Clicked on My Account 
10:35:22.137 [main] INFO  - Clicked on Register 
10:35:22.756 [main] INFO  - Provided First Name 
10:35:23.038 [main] INFO  - Provided Last Name 
10:35:23.313 [main] INFO  - Provided Email 
10:35:23.456 [main] INFO  - Provided Telephone 
10:35:23.609 [main] INFO  - Provided Password 
10:35:23.730 [main] INFO  - Provided Confrmed Password 
10:35:23.851 [main] INFO  - Set Privacy Policy 
10:35:25.472 [main] INFO  - Clicked on Continue 
10:35:27.621 [main] INFO  - Finished TC_001_AccountRegistrationtTest
10:35:28.205 [main] INFO  - Using chromedriver 134.0.6998.88 (resolved driver for Chrome 134)
10:35:28.238 [main] INFO  - Exporting webdriver.chrome.driver as C:\Users\tztej\.cache\selenium\chromedriver\win64\134.0.6998.88\chromedriver.exe
10:35:37.656 [main] INFO  - Starting TC_002_LoginTest
10:35:42.752 [main] INFO  -  Finished TC_002_LoginTest
10:36:07.069 [main] INFO  - [TestNG] Running:
  E:\JavawithAutomation\opencartPracticeTestNGHybridDay5HAddExternalReports\grouping.xml

10:36:08.501 [main] INFO  - Using chromedriver 134.0.6998.88 (resolved driver for Chrome 134)
10:36:08.626 [main] INFO  - Exporting webdriver.chrome.driver as C:\Users\tztej\.cache\selenium\chromedriver\win64\134.0.6998.88\chromedriver.exe
10:36:16.348 [main] INFO  - Strating TC_001_AccountRegistrationtTest
10:36:16.884 [main] INFO  - Clicked on My Account 
10:36:17.666 [main] INFO  - Clicked on Register 
10:36:17.970 [main] INFO  - Provided First Name 
10:36:18.128 [main] INFO  - Provided Last Name 
10:36:18.359 [main] INFO  - Provided Email 
10:36:18.490 [main] INFO  - Provided Telephone 
10:36:18.683 [main] INFO  - Provided Password 
10:36:18.833 [main] INFO  - Provided Confrmed Password 
10:36:18.975 [main] INFO  - Set Privacy Policy 
10:36:20.332 [main] INFO  - Clicked on Continue 
10:36:22.396 [main] INFO  - Finished TC_001_AccountRegistrationtTest
10:36:22.896 [main] INFO  - Using chromedriver 134.0.6998.88 (resolved driver for Chrome 134)
10:36:22.920 [main] INFO  - Exporting webdriver.chrome.driver as C:\Users\tztej\.cache\selenium\chromedriver\win64\134.0.6998.88\chromedriver.exe
10:36:28.588 [main] INFO  - Starting TC_002_LoginTest
10:36:31.770 [main] INFO  -  Finished TC_002_LoginTest
10:36:33.272 [main] ERROR - Error opening the Extent Report file
java.io.IOException: Failed to open file:/E:/JavawithAutomation/opencartPracticeTestNGHybridDay5HAddExternalReports/./reports/TestReport.html. Error message: The system cannot find the file specified.

	at java.desktop/sun.awt.windows.WDesktopPeer.ShellExecute(WDesktopPeer.java:115) ~[?:?]
	at java.desktop/sun.awt.windows.WDesktopPeer.browse(WDesktopPeer.java:101) ~[?:?]
	at java.desktop/java.awt.Desktop.browse(Desktop.java:526) ~[?:?]
	at com.absolooplab.Utility.ExtentReportManager.onFinish(ExtentReportManager.java:80) [test-classes/:?]
	at org.testng.TestRunner.fireEvent(TestRunner.java:900) [org.testng_7.11.0.r202502150124.jar:7.11.0]
	at org.testng.TestRunner.afterRun(TestRunner.java:855) [org.testng_7.11.0.r202502150124.jar:7.11.0]
	at org.testng.TestRunner.run(TestRunner.java:618) [org.testng_7.11.0.r202502150124.jar:7.11.0]
	at org.testng.SuiteRunner.runTest(SuiteRunner.java:421) [org.testng_7.11.0.r202502150124.jar:7.11.0]
	at org.testng.SuiteRunner.runSequentially(SuiteRunner.java:413) [org.testng_7.11.0.r202502150124.jar:7.11.0]
	at org.testng.SuiteRunner.privateRun(SuiteRunner.java:373) [org.testng_7.11.0.r202502150124.jar:7.11.0]
	at org.testng.SuiteRunner.run(SuiteRunner.java:312) [org.testng_7.11.0.r202502150124.jar:7.11.0]
	at org.testng.SuiteRunnerWorker.runSuite(SuiteRunnerWorker.java:52) [org.testng_7.11.0.r202502150124.jar:7.11.0]
	at org.testng.SuiteRunnerWorker.run(SuiteRunnerWorker.java:95) [org.testng_7.11.0.r202502150124.jar:7.11.0]
	at org.testng.TestNG.runSuitesSequentially(TestNG.java:1274) [org.testng_7.11.0.r202502150124.jar:7.11.0]
	at org.testng.TestNG.runSuitesLocally(TestNG.java:1208) [org.testng_7.11.0.r202502150124.jar:7.11.0]
	at org.testng.TestNG.runSuites(TestNG.java:1112) [org.testng_7.11.0.r202502150124.jar:7.11.0]
	at org.testng.TestNG.run(TestNG.java:1079) [org.testng_7.11.0.r202502150124.jar:7.11.0]
	at org.testng.remote.AbstractRemoteTestNG.run(AbstractRemoteTestNG.java:115) [testng-remote.jar:?]
	at org.testng.remote.RemoteTestNG.initAndRun(RemoteTestNG.java:293) [testng-remote.jar:?]
	at org.testng.remote.RemoteTestNG.main(RemoteTestNG.java:91) [testng-remote.jar:?]
10:42:44.851 [main] INFO  - [TestNG] Running:
  E:\JavawithAutomation\opencartPracticeTestNGHybridDay5HAddExternalReports\grouping.xml

10:42:46.162 [main] INFO  - Using chromedriver 134.0.6998.88 (resolved driver for Chrome 134)
10:42:46.362 [main] INFO  - Exporting webdriver.chrome.driver as C:\Users\tztej\.cache\selenium\chromedriver\win64\134.0.6998.88\chromedriver.exe
10:42:57.754 [main] INFO  - Strating TC_001_AccountRegistrationtTest
10:42:58.418 [main] INFO  - Clicked on My Account 
10:42:59.396 [main] INFO  - Clicked on Register 
10:42:59.714 [main] INFO  - Provided First Name 
10:42:59.909 [main] INFO  - Provided Last Name 
10:43:00.204 [main] INFO  - Provided Email 
10:43:00.308 [main] INFO  - Provided Telephone 
10:43:00.430 [main] INFO  - Provided Password 
10:43:00.545 [main] INFO  - Provided Confrmed Password 
10:43:00.683 [main] INFO  - Set Privacy Policy 
10:43:02.822 [main] INFO  - Clicked on Continue 
10:43:04.885 [main] INFO  - Finished TC_001_AccountRegistrationtTest
10:43:05.821 [main] INFO  - Using chromedriver 134.0.6998.88 (resolved driver for Chrome 134)
10:43:05.853 [main] INFO  - Exporting webdriver.chrome.driver as C:\Users\tztej\.cache\selenium\chromedriver\win64\134.0.6998.88\chromedriver.exe
10:43:11.286 [main] INFO  - Starting TC_002_LoginTest
10:43:14.584 [main] INFO  -  Finished TC_002_LoginTest
10:59:37.414 [main] INFO  - [TestNG] Running:
  E:\JavawithAutomation\opencartPracticeTestNGHybridDay5HAddExternalReports\grouping.xml

10:59:39.083 [main] INFO  - Using chromedriver 134.0.6998.88 (resolved driver for Chrome 134)
10:59:39.177 [main] INFO  - Exporting webdriver.chrome.driver as C:\Users\tztej\.cache\selenium\chromedriver\win64\134.0.6998.88\chromedriver.exe
10:59:49.562 [main] INFO  - Strating TC_001_AccountRegistrationtTest
10:59:50.362 [main] INFO  - Clicked on My Account 
10:59:51.473 [main] INFO  - Clicked on Register 
10:59:52.184 [main] INFO  - Provided First Name 
10:59:52.448 [main] INFO  - Provided Last Name 
10:59:52.753 [main] INFO  - Provided Email 
10:59:53.065 [main] INFO  - Provided Telephone 
10:59:53.287 [main] INFO  - Provided Password 
10:59:53.378 [main] INFO  - Provided Confrmed Password 
10:59:53.550 [main] INFO  - Set Privacy Policy 
10:59:55.256 [main] INFO  - Clicked on Continue 
10:59:57.316 [main] INFO  - Finished TC_001_AccountRegistrationtTest
